# JRE version: OpenJDK Runtime Environment (17.0.9) (build 17.0.9+0--11185874)
# Java VM: OpenJDK 64-Bit Server VM (17.0.9+0--11185874, mixed mode, tiered, compressed oops, compressed class ptrs, g1 gc, windows-amd64)
GC Precious Log:
 CPUs: 8 total, 8 available
 Memory: 16273M
 Large Page Support: Disabled
 NUMA Support: Disabled
 Compressed Oops: Enabled (32-bit)
 Heap Region Size: 1M
 Heap Min Capacity: 8M
 Heap Initial Capacity: 256M
 Heap Max Capacity: 2G
 Pre-touch: Disabled
 Parallel Workers: 8
 Concurrent Workers: 2
 Concurrent Refinement Workers: 8
 Periodic GC: Disabled
Heap:
 garbage-first heap   total 377856K, used 148931K [0x0000000080000000, 0x0000000100000000)
  region size 1024K, 11 young (11264K), 11 survivors (11264K)
 Metaspace       used 147686K, committed 148672K, reserved 1179648K
  class space    used 20302K, committed 20800K, reserved 1048576K
GC Heap History (20 events):
Event: 115.575 GC heap after
{Heap after GC invocations=45 (full 0):
 garbage-first heap   total 328704K, used 219638K [0x0000000080000000, 0x0000000100000000)
  region size 1024K, 2 young (2048K), 2 survivors (2048K)
 Metaspace       used 143186K, committed 144128K, reserved 1179648K
  class space    used 19710K, committed 20160K, reserved 1048576K
}
Event: 118.582 GC heap before
{Heap before GC invocations=45 (full 0):
 garbage-first heap   total 328704K, used 282102K [0x0000000080000000, 0x0000000100000000)
  region size 1024K, 59 young (60416K), 2 survivors (2048K)
 Metaspace       used 146076K, committed 147136K, reserved 1179648K
  class space    used 20179K, committed 20672K, reserved 1048576K
}
Event: 118.587 GC heap after
{Heap after GC invocations=46 (full 0):
 garbage-first heap   total 328704K, used 220677K [0x0000000080000000, 0x0000000100000000)
  region size 1024K, 3 young (3072K), 3 survivors (3072K)
 Metaspace       used 146076K, committed 147136K, reserved 1179648K
  class space    used 20179K, committed 20672K, reserved 1048576K
}
Event: 118.670 GC heap before
{Heap before GC invocations=46 (full 0):
 garbage-first heap   total 328704K, used 242181K [0x0000000080000000, 0x0000000100000000)
  region size 1024K, 6 young (6144K), 3 survivors (3072K)
 Metaspace       used 146232K, committed 147200K, reserved 1179648K
  class space    used 20203K, committed 20672K, reserved 1048576K
}
Event: 118.675 GC heap after
{Heap after GC invocations=47 (full 0):
 garbage-first heap   total 328704K, used 239160K [0x0000000080000000, 0x0000000100000000)
  region size 1024K, 3 young (3072K), 3 survivors (3072K)
 Metaspace       used 146232K, committed 147200K, reserved 1179648K
  class space    used 20203K, committed 20672K, reserved 1048576K
}
Event: 118.686 GC heap before
{Heap before GC invocations=47 (full 0):
 garbage-first heap   total 328704K, used 241208K [0x0000000080000000, 0x0000000100000000)
  region size 1024K, 4 young (4096K), 3 survivors (3072K)
 Metaspace       used 146232K, committed 147200K, reserved 1179648K
  class space    used 20203K, committed 20672K, reserved 1048576K
}
Event: 118.691 GC heap after
{Heap after GC invocations=48 (full 0):
 garbage-first heap   total 328704K, used 241242K [0x0000000080000000, 0x0000000100000000)
  region size 1024K, 3 young (3072K), 3 survivors (3072K)
 Metaspace       used 146232K, committed 147200K, reserved 1179648K
  class space    used 20203K, committed 20672K, reserved 1048576K
}
Event: 206.804 GC heap before
{Heap before GC invocations=49 (full 0):
 garbage-first heap   total 377856K, used 265818K [0x0000000080000000, 0x0000000100000000)
  region size 1024K, 44 young (45056K), 3 survivors (3072K)
 Metaspace       used 146624K, committed 147584K, reserved 1179648K
  class space    used 20255K, committed 20736K, reserved 1048576K
}
Event: 206.811 GC heap after
{Heap after GC invocations=50 (full 0):
 garbage-first heap   total 377856K, used 195323K [0x0000000080000000, 0x0000000100000000)
  region size 1024K, 5 young (5120K), 5 survivors (5120K)
 Metaspace       used 146624K, committed 147584K, reserved 1179648K
  class space    used 20255K, committed 20736K, reserved 1048576K
}
Event: 207.075 GC heap before
{Heap before GC invocations=50 (full 0):
 garbage-first heap   total 377856K, used 208635K [0x0000000080000000, 0x0000000100000000)
  region size 1024K, 18 young (18432K), 5 survivors (5120K)
 Metaspace       used 146693K, committed 147648K, reserved 1179648K
  class space    used 20256K, committed 20736K, reserved 1048576K
}
Event: 207.088 GC heap after
{Heap after GC invocations=51 (full 0):
 garbage-first heap   total 377856K, used 161880K [0x0000000080000000, 0x0000000100000000)
  region size 1024K, 3 young (3072K), 3 survivors (3072K)
 Metaspace       used 146693K, committed 147648K, reserved 1179648K
  class space    used 20256K, committed 20736K, reserved 1048576K
}
Event: 207.476 GC heap before
{Heap before GC invocations=51 (full 0):
 garbage-first heap   total 377856K, used 176216K [0x0000000080000000, 0x0000000100000000)
  region size 1024K, 18 young (18432K), 3 survivors (3072K)
 Metaspace       used 146813K, committed 147776K, reserved 1179648K
  class space    used 20260K, committed 20736K, reserved 1048576K
}
Event: 207.489 GC heap after
{Heap after GC invocations=52 (full 0):
 garbage-first heap   total 377856K, used 146432K [0x0000000080000000, 0x0000000100000000)
  region size 1024K, 3 young (3072K), 3 survivors (3072K)
 Metaspace       used 146813K, committed 147776K, reserved 1179648K
  class space    used 20260K, committed 20736K, reserved 1048576K
}
Event: 207.720 GC heap before
{Heap before GC invocations=52 (full 0):
 garbage-first heap   total 377856K, used 160768K [0x0000000080000000, 0x0000000100000000)
  region size 1024K, 18 young (18432K), 3 survivors (3072K)
 Metaspace       used 146859K, committed 147840K, reserved 1179648K
  class space    used 20260K, committed 20736K, reserved 1048576K
}
Event: 207.725 GC heap after
{Heap after GC invocations=53 (full 0):
 garbage-first heap   total 377856K, used 147995K [0x0000000080000000, 0x0000000100000000)
  region size 1024K, 5 young (5120K), 5 survivors (5120K)
 Metaspace       used 146859K, committed 147840K, reserved 1179648K
  class space    used 20260K, committed 20736K, reserved 1048576K
}
Event: 220.489 GC heap before
{Heap before GC invocations=54 (full 0):
 garbage-first heap   total 377856K, used 299547K [0x0000000080000000, 0x0000000100000000)
  region size 1024K, 157 young (160768K), 5 survivors (5120K)
 Metaspace       used 147446K, committed 148480K, reserved 1179648K
  class space    used 20302K, committed 20800K, reserved 1048576K
}
Event: 220.504 GC heap after
{Heap after GC invocations=55 (full 0):
 garbage-first heap   total 377856K, used 152770K [0x0000000080000000, 0x0000000100000000)
  region size 1024K, 16 young (16384K), 16 survivors (16384K)
 Metaspace       used 147446K, committed 148480K, reserved 1179648K
  class space    used 20302K, committed 20800K, reserved 1048576K
}
Event: 220.655 GC heap before
{Heap before GC invocations=55 (full 0):
 garbage-first heap   total 377856K, used 154818K [0x0000000080000000, 0x0000000100000000)
  region size 1024K, 18 young (18432K), 16 survivors (16384K)
 Metaspace       used 147465K, committed 148480K, reserved 1179648K
  class space    used 20302K, committed 20800K, reserved 1048576K
}
Event: 220.669 GC heap after
{Heap after GC invocations=56 (full 0):
 garbage-first heap   total 377856K, used 139901K [0x0000000080000000, 0x0000000100000000)
  region size 1024K, 2 young (2048K), 2 survivors (2048K)
 Metaspace       used 147465K, committed 148480K, reserved 1179648K
  class space    used 20302K, committed 20800K, reserved 1048576K
}
Event: 222.357 GC heap before
{Heap before GC invocations=56 (full 0):
 garbage-first heap   total 377856K, used 174717K [0x0000000080000000, 0x0000000100000000)
  region size 1024K, 38 young (38912K), 2 survivors (2048K)
 Metaspace       used 147686K, committed 148672K, reserved 1179648K
  class space    used 20302K, committed 20800K, reserved 1048576K
}

