# JRE version: OpenJDK Runtime Environment (17.0.9) (build 17.0.9+0--11185874)
# Java VM: OpenJDK 64-Bit Server VM (17.0.9+0--11185874, mixed mode, tiered, compressed oops, compressed class ptrs, g1 gc, windows-amd64)
GC Precious Log:
 CPUs: 8 total, 8 available
 Memory: 16273M
 Large Page Support: Disabled
 NUMA Support: Disabled
 Compressed Oops: Enabled (32-bit)
 Heap Region Size: 1M
 Heap Min Capacity: 8M
 Heap Initial Capacity: 256M
 Heap Max Capacity: 2G
 Pre-touch: Disabled
 Parallel Workers: 8
 Concurrent Workers: 2
 Concurrent Refinement Workers: 8
 Periodic GC: Disabled
Heap:
 garbage-first heap   total 440320K, used 323431K [0x0000000080000000, 0x0000000100000000)
  region size 1024K, 66 young (67584K), 3 survivors (3072K)
 Metaspace       used 171814K, committed 172992K, reserved 1245184K
  class space    used 22406K, committed 22976K, reserved 1048576K
GC Heap History (20 events):
Event: 113.729 GC heap before
{Heap before GC invocations=82 (full 0):
 garbage-first heap   total 302080K, used 260033K [0x0000000080000000, 0x0000000100000000)
  region size 1024K, 39 young (39936K), 5 survivors (5120K)
 Metaspace       used 165505K, committed 166592K, reserved 1245184K
  class space    used 21597K, committed 22144K, reserved 1048576K
}
Event: 113.734 GC heap after
{Heap after GC invocations=83 (full 0):
 garbage-first heap   total 302080K, used 228814K [0x0000000080000000, 0x0000000100000000)
  region size 1024K, 4 young (4096K), 4 survivors (4096K)
 Metaspace       used 165505K, committed 166592K, reserved 1245184K
  class space    used 21597K, committed 22144K, reserved 1048576K
}
Event: 114.396 GC heap before
{Heap before GC invocations=83 (full 0):
 garbage-first heap   total 302080K, used 259534K [0x0000000080000000, 0x0000000100000000)
  region size 1024K, 35 young (35840K), 4 survivors (4096K)
 Metaspace       used 166678K, committed 167808K, reserved 1245184K
  class space    used 21761K, committed 22272K, reserved 1048576K
}
Event: 114.402 GC heap after
{Heap after GC invocations=84 (full 0):
 garbage-first heap   total 302080K, used 232120K [0x0000000080000000, 0x0000000100000000)
  region size 1024K, 4 young (4096K), 4 survivors (4096K)
 Metaspace       used 166678K, committed 167808K, reserved 1245184K
  class space    used 21761K, committed 22272K, reserved 1048576K
}
Event: 114.746 GC heap before
{Heap before GC invocations=84 (full 0):
 garbage-first heap   total 302080K, used 260792K [0x0000000080000000, 0x0000000100000000)
  region size 1024K, 32 young (32768K), 4 survivors (4096K)
 Metaspace       used 168148K, committed 169280K, reserved 1245184K
  class space    used 21977K, committed 22528K, reserved 1048576K
}
Event: 114.752 GC heap after
{Heap after GC invocations=85 (full 0):
 garbage-first heap   total 302080K, used 234873K [0x0000000080000000, 0x0000000100000000)
  region size 1024K, 3 young (3072K), 3 survivors (3072K)
 Metaspace       used 168148K, committed 169280K, reserved 1245184K
  class space    used 21977K, committed 22528K, reserved 1048576K
}
Event: 115.147 GC heap before
{Heap before GC invocations=85 (full 0):
 garbage-first heap   total 302080K, used 260473K [0x0000000080000000, 0x0000000100000000)
  region size 1024K, 29 young (29696K), 3 survivors (3072K)
 Metaspace       used 168955K, committed 170112K, reserved 1245184K
  class space    used 22139K, committed 22720K, reserved 1048576K
}
Event: 115.152 GC heap after
{Heap after GC invocations=86 (full 0):
 garbage-first heap   total 302080K, used 238830K [0x0000000080000000, 0x0000000100000000)
  region size 1024K, 4 young (4096K), 4 survivors (4096K)
 Metaspace       used 168955K, committed 170112K, reserved 1245184K
  class space    used 22139K, committed 22720K, reserved 1048576K
}
Event: 115.556 GC heap before
{Heap before GC invocations=86 (full 0):
 garbage-first heap   total 302080K, used 263406K [0x0000000080000000, 0x0000000100000000)
  region size 1024K, 26 young (26624K), 4 survivors (4096K)
 Metaspace       used 169743K, committed 170816K, reserved 1245184K
  class space    used 22208K, committed 22720K, reserved 1048576K
}
Event: 115.560 GC heap after
{Heap after GC invocations=87 (full 0):
 garbage-first heap   total 302080K, used 246294K [0x0000000080000000, 0x0000000100000000)
  region size 1024K, 4 young (4096K), 4 survivors (4096K)
 Metaspace       used 169743K, committed 170816K, reserved 1245184K
  class space    used 22208K, committed 22720K, reserved 1048576K
}
Event: 115.773 GC heap before
{Heap before GC invocations=87 (full 0):
 garbage-first heap   total 302080K, used 260630K [0x0000000080000000, 0x0000000100000000)
  region size 1024K, 19 young (19456K), 4 survivors (4096K)
 Metaspace       used 170641K, committed 171776K, reserved 1245184K
  class space    used 22313K, committed 22848K, reserved 1048576K
}
Event: 115.779 GC heap after
{Heap after GC invocations=88 (full 0):
 garbage-first heap   total 302080K, used 252370K [0x0000000080000000, 0x0000000100000000)
  region size 1024K, 3 young (3072K), 3 survivors (3072K)
 Metaspace       used 170641K, committed 171776K, reserved 1245184K
  class space    used 22313K, committed 22848K, reserved 1048576K
}
Event: 115.862 GC heap before
{Heap before GC invocations=88 (full 0):
 garbage-first heap   total 302080K, used 263634K [0x0000000080000000, 0x0000000100000000)
  region size 1024K, 14 young (14336K), 3 survivors (3072K)
 Metaspace       used 170775K, committed 171968K, reserved 1245184K
  class space    used 22332K, committed 22912K, reserved 1048576K
}
Event: 115.868 GC heap after
{Heap after GC invocations=89 (full 0):
 garbage-first heap   total 302080K, used 260096K [0x0000000080000000, 0x0000000100000000)
  region size 1024K, 2 young (2048K), 2 survivors (2048K)
 Metaspace       used 170775K, committed 171968K, reserved 1245184K
  class space    used 22332K, committed 22912K, reserved 1048576K
}
Event: 117.213 GC heap before
{Heap before GC invocations=89 (full 0):
 garbage-first heap   total 302080K, used 271360K [0x0000000080000000, 0x0000000100000000)
  region size 1024K, 14 young (14336K), 2 survivors (2048K)
 Metaspace       used 171127K, committed 172288K, reserved 1245184K
  class space    used 22356K, committed 22912K, reserved 1048576K
}
Event: 117.218 GC heap after
{Heap after GC invocations=90 (full 0):
 garbage-first heap   total 302080K, used 261505K [0x0000000080000000, 0x0000000100000000)
  region size 1024K, 1 young (1024K), 1 survivors (1024K)
 Metaspace       used 171127K, committed 172288K, reserved 1245184K
  class space    used 22356K, committed 22912K, reserved 1048576K
}
Event: 118.464 GC heap before
{Heap before GC invocations=91 (full 0):
 garbage-first heap   total 440320K, used 273793K [0x0000000080000000, 0x0000000100000000)
  region size 1024K, 14 young (14336K), 1 survivors (1024K)
 Metaspace       used 171192K, committed 172288K, reserved 1245184K
  class space    used 22356K, committed 22912K, reserved 1048576K
}
Event: 118.467 GC heap after
{Heap after GC invocations=92 (full 0):
 garbage-first heap   total 440320K, used 262397K [0x0000000080000000, 0x0000000100000000)
  region size 1024K, 2 young (2048K), 2 survivors (2048K)
 Metaspace       used 171192K, committed 172288K, reserved 1245184K
  class space    used 22356K, committed 22912K, reserved 1048576K
}
Event: 119.286 GC heap before
{Heap before GC invocations=92 (full 0):
 garbage-first heap   total 440320K, used 280829K [0x0000000080000000, 0x0000000100000000)
  region size 1024K, 21 young (21504K), 2 survivors (2048K)
 Metaspace       used 171246K, committed 172352K, reserved 1245184K
  class space    used 22356K, committed 22912K, reserved 1048576K
}
Event: 119.298 GC heap after
{Heap after GC invocations=93 (full 0):
 garbage-first heap   total 440320K, used 242535K [0x0000000080000000, 0x0000000100000000)
  region size 1024K, 3 young (3072K), 3 survivors (3072K)
 Metaspace       used 171246K, committed 172352K, reserved 1245184K
  class space    used 22356K, committed 22912K, reserved 1048576K
}

